Release 14.2 - xst P.28xd (nt64)
Copyright (c) 1995-2012 Xilinx, Inc.  All rights reserved.
--> Parameter TMPDIR set to xst/projnav.tmp


Total REAL time to Xst completion: 0.00 secs
Total CPU time to Xst completion: 0.19 secs
 
--> Parameter xsthdpdir set to xst


Total REAL time to Xst completion: 0.00 secs
Total CPU time to Xst completion: 0.19 secs
 
--> Reading design: fourDigitDisplay.prj

TABLE OF CONTENTS
  1) Synthesis Options Summary
  2) HDL Compilation
  3) Design Hierarchy Analysis
  4) HDL Analysis
  5) HDL Synthesis
     5.1) HDL Synthesis Report
  6) Advanced HDL Synthesis
     6.1) Advanced HDL Synthesis Report
  7) Low Level Synthesis
  8) Partition Report
  9) Final Report
	9.1) Device utilization summary
	9.2) Partition Resource Summary
	9.3) TIMING REPORT


=========================================================================
*                      Synthesis Options Summary                        *
=========================================================================
---- Source Parameters
Input File Name                    : "fourDigitDisplay.prj"
Input Format                       : mixed
Ignore Synthesis Constraint File   : NO

---- Target Parameters
Output File Name                   : "fourDigitDisplay"
Output Format                      : NGC
Target Device                      : xc3s250e-4-tq144

---- Source Options
Top Module Name                    : fourDigitDisplay
Automatic FSM Extraction           : YES
FSM Encoding Algorithm             : Auto
Safe Implementation                : No
FSM Style                          : LUT
RAM Extraction                     : Yes
RAM Style                          : Auto
ROM Extraction                     : Yes
Mux Style                          : Auto
Decoder Extraction                 : YES
Priority Encoder Extraction        : Yes
Shift Register Extraction          : YES
Logical Shifter Extraction         : YES
XOR Collapsing                     : YES
ROM Style                          : Auto
Mux Extraction                     : Yes
Resource Sharing                   : YES
Asynchronous To Synchronous        : NO
Multiplier Style                   : Auto
Automatic Register Balancing       : No

---- Target Options
Add IO Buffers                     : YES
Global Maximum Fanout              : 500
Add Generic Clock Buffer(BUFG)     : 24
Register Duplication               : YES
Slice Packing                      : YES
Optimize Instantiated Primitives   : NO
Use Clock Enable                   : Yes
Use Synchronous Set                : Yes
Use Synchronous Reset              : Yes
Pack IO Registers into IOBs        : Auto
Equivalent register Removal        : YES

---- General Options
Optimization Goal                  : Speed
Optimization Effort                : 1
Keep Hierarchy                     : No
Netlist Hierarchy                  : As_Optimized
RTL Output                         : Yes
Global Optimization                : AllClockNets
Read Cores                         : YES
Write Timing Constraints           : NO
Cross Clock Analysis               : NO
Hierarchy Separator                : /
Bus Delimiter                      : <>
Case Specifier                     : Maintain
Slice Utilization Ratio            : 100
BRAM Utilization Ratio             : 100
Verilog 2001                       : YES
Auto BRAM Packing                  : NO
Slice Utilization Ratio Delta      : 5

=========================================================================


=========================================================================
*                          HDL Compilation                              *
=========================================================================
Compiling verilog file "../../../../Downloads/seg7 (2).v" in library work
Compiling verilog file "../../../../Downloads/SevenSeg.v" in library work
Module <seg7> compiled
Compiling verilog file "../../../../Downloads/clockdivider.v" in library work
Module <SevenSeg> compiled
Compiling verilog file "fourDigitDisplay.v" in library work
Module <clockdivider> compiled
Module <fourDigitDisplay> compiled
No errors in compilation
Analysis of file <"fourDigitDisplay.prj"> succeeded.
 

=========================================================================
*                     Design Hierarchy Analysis                         *
=========================================================================
Analyzing hierarchy for module <fourDigitDisplay> in library <work>.

Analyzing hierarchy for module <clockdivider> in library <work> with parameters.
	DivVal = "00000000000000011000011010100000"

Analyzing hierarchy for module <SevenSeg> in library <work>.

Analyzing hierarchy for module <seg7> in library <work>.


=========================================================================
*                            HDL Analysis                               *
=========================================================================
Analyzing top module <fourDigitDisplay>.
WARNING:Xst:863 - "fourDigitDisplay.v" line 27: Name conflict (<p> and <P>, renaming p as p_rnm0).
Module <fourDigitDisplay> is correct for synthesis.
 
Analyzing module <clockdivider> in library <work>.
	DivVal = 32'sb00000000000000011000011010100000
Module <clockdivider> is correct for synthesis.
 
Analyzing module <SevenSeg> in library <work>.
WARNING:Xst:905 - "../../../../Downloads/SevenSeg.v" line 28: One or more signals are missing in the sensitivity list of always block. To enable synthesis of FPGA/CPLD hardware, XST will assume that all necessary signals are present in the sensitivity list. Please note that the result of the synthesis may differ from the initial design specification. The missing signals are:
   <p_s>, <n>, <m>, <l>
Module <SevenSeg> is correct for synthesis.
 
Analyzing module <seg7> in library <work>.
Module <seg7> is correct for synthesis.
 

=========================================================================
*                           HDL Synthesis                               *
=========================================================================

Performing bidirectional port resolution...

Synthesizing Unit <clockdivider>.
    Related source file is "../../../../Downloads/clockdivider.v".
    Found 1-bit register for signal <ClkOut>.
    Found 1-bit register for signal <ClkInt>.
    Found 25-bit up counter for signal <DivCnt>.
    Summary:
	inferred   1 Counter(s).
	inferred   2 D-type flip-flop(s).
Unit <clockdivider> synthesized.


Synthesizing Unit <seg7>.
    Related source file is "../../../../Downloads/seg7 (2).v".
    Found 16x7-bit ROM for signal <num$rom0000>.
    Summary:
	inferred   1 ROM(s).
Unit <seg7> synthesized.


Synthesizing Unit <SevenSeg>.
    Related source file is "../../../../Downloads/SevenSeg.v".
Unit <SevenSeg> synthesized.


Synthesizing Unit <fourDigitDisplay>.
    Related source file is "fourDigitDisplay.v".
WARNING:Xst:1780 - Signal <p_rnm0> is never used or assigned. This unconnected signal will be trimmed during the optimization process.
WARNING:Xst:1780 - Signal <n> is never used or assigned. This unconnected signal will be trimmed during the optimization process.
WARNING:Xst:1780 - Signal <m> is never used or assigned. This unconnected signal will be trimmed during the optimization process.
WARNING:Xst:1780 - Signal <l> is never used or assigned. This unconnected signal will be trimmed during the optimization process.
    Found 4-bit register for signal <P>.
    Found 4-bit down counter for signal <Q>.
    Found 4-bit register for signal <R>.
    Found 1-bit register for signal <tc>.
    Summary:
	inferred   1 Counter(s).
	inferred   9 D-type flip-flop(s).
Unit <fourDigitDisplay> synthesized.


=========================================================================
HDL Synthesis Report

Macro Statistics
# ROMs                                                 : 1
 16x7-bit ROM                                          : 1
# Counters                                             : 2
 25-bit up counter                                     : 1
 4-bit down counter                                    : 1
# Registers                                            : 8
 1-bit register                                        : 7
 4-bit register                                        : 1

=========================================================================

=========================================================================
*                       Advanced HDL Synthesis                          *
=========================================================================

WARNING:Xst:1293 - FF/Latch <R_3> has a constant value of 0 in block <fourDigitDisplay>. This FF/Latch will be trimmed during the optimization process.

=========================================================================
Advanced HDL Synthesis Report

Macro Statistics
# ROMs                                                 : 1
 16x7-bit ROM                                          : 1
# Counters                                             : 2
 25-bit up counter                                     : 1
 4-bit down counter                                    : 1
# Registers                                            : 11
 Flip-Flops                                            : 11

=========================================================================

=========================================================================
*                         Low Level Synthesis                           *
=========================================================================
WARNING:Xst:1293 - FF/Latch <R_3> has a constant value of 0 in block <fourDigitDisplay>. This FF/Latch will be trimmed during the optimization process.

Optimizing unit <fourDigitDisplay> ...

Mapping all equations...
Building and optimizing final netlist ...
Found area constraint ratio of 100 (+ 5) on block fourDigitDisplay, actual ratio is 1.

Final Macro Processing ...

=========================================================================
Final Register Report

Macro Statistics
# Registers                                            : 39
 Flip-Flops                                            : 39

=========================================================================

=========================================================================
*                           Partition Report                            *
=========================================================================

Partition Implementation Status
-------------------------------

  No Partitions were found in this design.

-------------------------------

=========================================================================
*                            Final Report                               *
=========================================================================
Final Results
RTL Top Level Output File Name     : fourDigitDisplay.ngr
Top Level Output File Name         : fourDigitDisplay
Output Format                      : NGC
Optimization Goal                  : Speed
Keep Hierarchy                     : No

Design Statistics
# IOs                              : 12

Cell Usage :
# BELS                             : 112
#      GND                         : 1
#      INV                         : 3
#      LUT1                        : 25
#      LUT2                        : 2
#      LUT2_D                      : 1
#      LUT3                        : 8
#      LUT4                        : 15
#      MUXCY                       : 31
#      VCC                         : 1
#      XORCY                       : 25
# FlipFlops/Latches                : 39
#      FD                          : 8
#      FDE                         : 1
#      FDR                         : 28
#      FDS                         : 2
# Clock Buffers                    : 1
#      BUFGP                       : 1
# IO Buffers                       : 11
#      OBUF                        : 11
=========================================================================

Device utilization summary:
---------------------------

Selected Device : 3s250etq144-4 

 Number of Slices:                       28  out of   2448     1%  
 Number of Slice Flip Flops:             39  out of   4896     0%  
 Number of 4 input LUTs:                 54  out of   4896     1%  
 Number of IOs:                          12
 Number of bonded IOBs:                  12  out of    108    11%  
 Number of GCLKs:                         1  out of     24     4%  

---------------------------
Partition Resource Summary:
---------------------------

  No Partitions were found in this design.

---------------------------


=========================================================================
TIMING REPORT

NOTE: THESE TIMING NUMBERS ARE ONLY A SYNTHESIS ESTIMATE.
      FOR ACCURATE TIMING INFORMATION PLEASE REFER TO THE TRACE REPORT
      GENERATED AFTER PLACE-and-ROUTE.

Clock Information:
------------------
-----------------------------------+------------------------+-------+
Clock Signal                       | Clock buffer(FF name)  | Load  |
-----------------------------------+------------------------+-------+
clock/ClkOut                       | NONE(P_0)              | 12    |
clk                                | BUFGP                  | 27    |
-----------------------------------+------------------------+-------+
INFO:Xst:2169 - HDL ADVISOR - Some clock signals were not automatically buffered by XST with BUFG/BUFR resources. Please use the buffer_type constraint in order to insert these buffers to the clock signals to help prevent skew problems.

Asynchronous Control Signals Information:
----------------------------------------
No asynchronous control signals found in this design

Timing Summary:
---------------
Speed Grade: -4

   Minimum period: 5.359ns (Maximum Frequency: 186.615MHz)
   Minimum input arrival time before clock: No path found
   Maximum output required time after clock: 5.919ns
   Maximum combinational path delay: No path found

Timing Detail:
--------------
All values displayed in nanoseconds (ns)

=========================================================================
Timing constraint: Default period analysis for Clock 'clock/ClkOut'
  Clock period: 3.913ns (frequency: 255.558MHz)
  Total number of paths / destination ports: 52 / 16
-------------------------------------------------------------------------
Delay:               3.913ns (Levels of Logic = 2)
  Source:            Q_2 (FF)
  Destination:       P_0 (FF)
  Source Clock:      clock/ClkOut rising
  Destination Clock: clock/ClkOut rising

  Data Path: Q_2 to P_0
                                Gate     Net
    Cell:in->out      fanout   Delay   Delay  Logical Name (Net Name)
    ----------------------------------------  ------------
     FDR:C->Q              6   0.591   0.844  Q_2 (Q_2)
     LUT2_D:I0->O          4   0.704   0.762  R_mux0000<2>11 (N01)
     LUT4:I0->O            1   0.704   0.000  R_mux0000<1>1 (R_mux0000<1>)
     FD:D                      0.308          R_2
    ----------------------------------------
    Total                      3.913ns (2.307ns logic, 1.606ns route)
                                       (59.0% logic, 41.0% route)

=========================================================================
Timing constraint: Default period analysis for Clock 'clk'
  Clock period: 5.359ns (frequency: 186.615MHz)
  Total number of paths / destination ports: 1002 / 53
-------------------------------------------------------------------------
Delay:               5.359ns (Levels of Logic = 9)
  Source:            clock/DivCnt_5 (FF)
  Destination:       clock/ClkOut (FF)
  Source Clock:      clk rising
  Destination Clock: clk rising

  Data Path: clock/DivCnt_5 to clock/ClkOut
                                Gate     Net
    Cell:in->out      fanout   Delay   Delay  Logical Name (Net Name)
    ----------------------------------------  ------------
     FDR:C->Q              2   0.591   0.622  clock/DivCnt_5 (clock/DivCnt_5)
     LUT1:I0->O            1   0.704   0.000  clock/ClkInt_cmp_eq0000_wg_cy<0>_rt (clock/ClkInt_cmp_eq0000_wg_cy<0>_rt)
     MUXCY:S->O            1   0.464   0.000  clock/ClkInt_cmp_eq0000_wg_cy<0> (clock/ClkInt_cmp_eq0000_wg_cy<0>)
     MUXCY:CI->O           1   0.059   0.000  clock/ClkInt_cmp_eq0000_wg_cy<1> (clock/ClkInt_cmp_eq0000_wg_cy<1>)
     MUXCY:CI->O           1   0.059   0.000  clock/ClkInt_cmp_eq0000_wg_cy<2> (clock/ClkInt_cmp_eq0000_wg_cy<2>)
     MUXCY:CI->O           1   0.059   0.000  clock/ClkInt_cmp_eq0000_wg_cy<3> (clock/ClkInt_cmp_eq0000_wg_cy<3>)
     MUXCY:CI->O           1   0.059   0.000  clock/ClkInt_cmp_eq0000_wg_cy<4> (clock/ClkInt_cmp_eq0000_wg_cy<4>)
     MUXCY:CI->O           1   0.059   0.000  clock/ClkInt_cmp_eq0000_wg_cy<5> (clock/ClkInt_cmp_eq0000_wg_cy<5>)
     MUXCY:CI->O          27   0.331   1.340  clock/ClkInt_cmp_eq0000_wg_cy<6> (clock/ClkInt_cmp_eq0000)
     LUT2:I1->O            1   0.704   0.000  clock/ClkOut_mux00001 (clock/ClkOut_mux0000)
     FD:D                      0.308          clock/ClkOut
    ----------------------------------------
    Total                      5.359ns (3.397ns logic, 1.962ns route)
                                       (63.4% logic, 36.6% route)

=========================================================================
Timing constraint: Default OFFSET OUT AFTER for Clock 'clock/ClkOut'
  Total number of paths / destination ports: 25 / 11
-------------------------------------------------------------------------
Offset:              5.919ns (Levels of Logic = 2)
  Source:            R_1 (FF)
  Destination:       a (PAD)
  Source Clock:      clock/ClkOut rising

  Data Path: R_1 to a
                                Gate     Net
    Cell:in->out      fanout   Delay   Delay  Logical Name (Net Name)
    ----------------------------------------  ------------
     FD:C->Q               8   0.591   0.932  R_1 (R_1)
     LUT3:I0->O            1   0.704   0.420  seg/segment/Mrom_num_rom000061 (a_OBUF)
     OBUF:I->O                 3.272          a_OBUF (a)
    ----------------------------------------
    Total                      5.919ns (4.567ns logic, 1.352ns route)
                                       (77.2% logic, 22.8% route)

=========================================================================


Total REAL time to Xst completion: 12.00 secs
Total CPU time to Xst completion: 12.32 secs
 
--> 

Total memory usage is 286180 kilobytes

Number of errors   :    0 (   0 filtered)
Number of warnings :    8 (   0 filtered)
Number of infos    :    1 (   0 filtered)

