Release 14.2 - xst P.28xd (nt64)
Copyright (c) 1995-2012 Xilinx, Inc.  All rights reserved.
--> Parameter TMPDIR set to xst/projnav.tmp


Total REAL time to Xst completion: 1.00 secs
Total CPU time to Xst completion: 0.28 secs
 
--> Parameter xsthdpdir set to xst


Total REAL time to Xst completion: 1.00 secs
Total CPU time to Xst completion: 0.28 secs
 
--> Reading design: DownCounter.prj

TABLE OF CONTENTS
  1) Synthesis Options Summary
  2) HDL Compilation
  3) Design Hierarchy Analysis
  4) HDL Analysis
  5) HDL Synthesis
     5.1) HDL Synthesis Report
  6) Advanced HDL Synthesis
     6.1) Advanced HDL Synthesis Report
  7) Low Level Synthesis
  8) Partition Report
  9) Final Report
	9.1) Device utilization summary
	9.2) Partition Resource Summary
	9.3) TIMING REPORT


=========================================================================
*                      Synthesis Options Summary                        *
=========================================================================
---- Source Parameters
Input File Name                    : "DownCounter.prj"
Input Format                       : mixed
Ignore Synthesis Constraint File   : NO

---- Target Parameters
Output File Name                   : "DownCounter"
Output Format                      : NGC
Target Device                      : xc3s100e-4-cp132

---- Source Options
Top Module Name                    : DownCounter
Automatic FSM Extraction           : YES
FSM Encoding Algorithm             : Auto
Safe Implementation                : No
FSM Style                          : LUT
RAM Extraction                     : Yes
RAM Style                          : Auto
ROM Extraction                     : Yes
Mux Style                          : Auto
Decoder Extraction                 : YES
Priority Encoder Extraction        : Yes
Shift Register Extraction          : YES
Logical Shifter Extraction         : YES
XOR Collapsing                     : YES
ROM Style                          : Auto
Mux Extraction                     : Yes
Resource Sharing                   : YES
Asynchronous To Synchronous        : NO
Multiplier Style                   : Auto
Automatic Register Balancing       : No

---- Target Options
Add IO Buffers                     : YES
Global Maximum Fanout              : 100000
Add Generic Clock Buffer(BUFG)     : 24
Register Duplication               : YES
Slice Packing                      : YES
Optimize Instantiated Primitives   : NO
Use Clock Enable                   : Yes
Use Synchronous Set                : Yes
Use Synchronous Reset              : Yes
Pack IO Registers into IOBs        : Auto
Equivalent register Removal        : YES

---- General Options
Optimization Goal                  : Speed
Optimization Effort                : 1
Keep Hierarchy                     : No
Netlist Hierarchy                  : As_Optimized
RTL Output                         : Yes
Global Optimization                : AllClockNets
Read Cores                         : YES
Write Timing Constraints           : NO
Cross Clock Analysis               : NO
Hierarchy Separator                : /
Bus Delimiter                      : <>
Case Specifier                     : Maintain
Slice Utilization Ratio            : 100
BRAM Utilization Ratio             : 100
Verilog 2001                       : YES
Auto BRAM Packing                  : NO
Slice Utilization Ratio Delta      : 5

=========================================================================


=========================================================================
*                          HDL Compilation                              *
=========================================================================
Compiling verilog file "clockDivider.v" in library work
Compiling verilog file "DownCounter.v" in library work
Module <clockdivider> compiled
Module <DownCounter> compiled
No errors in compilation
Analysis of file <"DownCounter.prj"> succeeded.
 

=========================================================================
*                     Design Hierarchy Analysis                         *
=========================================================================
Analyzing hierarchy for module <DownCounter> in library <work> with parameters.
	W = "00000000000000000000000000000000"
	X = "00000000000000000000000000000001"
	Y = "00000000000000000000000000000010"
	Z = "00000000000000000000000000000011"

Analyzing hierarchy for module <clockdivider> in library <work> with parameters.
	DivVal = "00000001011111010111100001000000"


=========================================================================
*                            HDL Analysis                               *
=========================================================================
Analyzing top module <DownCounter>.
	W = 32'sb00000000000000000000000000000000
	X = 32'sb00000000000000000000000000000001
	Y = 32'sb00000000000000000000000000000010
	Z = 32'sb00000000000000000000000000000011
Module <DownCounter> is correct for synthesis.
 
Analyzing module <clockdivider> in library <work>.
	DivVal = 32'sb00000001011111010111100001000000
Module <clockdivider> is correct for synthesis.
 

=========================================================================
*                           HDL Synthesis                               *
=========================================================================

Performing bidirectional port resolution...

Synthesizing Unit <clockdivider>.
    Related source file is "clockDivider.v".
    Found 1-bit register for signal <ClkOut>.
    Found 1-bit register for signal <ClkInt>.
    Found 25-bit up counter for signal <DivCnt>.
    Summary:
	inferred   1 Counter(s).
	inferred   2 D-type flip-flop(s).
Unit <clockdivider> synthesized.


Synthesizing Unit <DownCounter>.
    Related source file is "DownCounter.v".
WARNING:Xst:737 - Found 2-bit latch for signal <StateNext>. Latches may be generated from incomplete case or if statements. We do not recommend the use of latches in FPGA/CPLD designs, as they may lead to timing problems.
INFO:Xst:2371 - HDL ADVISOR - Logic functions respectively driving the data and gate enable inputs of this latch share common terms. This situation will potentially lead to setup/hold violations and, as a result, to simulation problems. This situation may come from an incomplete case statement (all selector values are not covered). You should carefully review if it was in your intentions to describe such a latch.
    Found 2-bit register for signal <State>.
    Summary:
	inferred   2 D-type flip-flop(s).
Unit <DownCounter> synthesized.


=========================================================================
HDL Synthesis Report

Macro Statistics
# Counters                                             : 1
 25-bit up counter                                     : 1
# Registers                                            : 3
 1-bit register                                        : 2
 2-bit register                                        : 1
# Latches                                              : 1
 2-bit latch                                           : 1

=========================================================================

=========================================================================
*                       Advanced HDL Synthesis                          *
=========================================================================


=========================================================================
Advanced HDL Synthesis Report

Macro Statistics
# Counters                                             : 1
 25-bit up counter                                     : 1
# Registers                                            : 4
 Flip-Flops                                            : 4
# Latches                                              : 1
 2-bit latch                                           : 1

=========================================================================

=========================================================================
*                         Low Level Synthesis                           *
=========================================================================

Optimizing unit <DownCounter> ...

Mapping all equations...
Building and optimizing final netlist ...
Found area constraint ratio of 100 (+ 5) on block DownCounter, actual ratio is 2.

Final Macro Processing ...

=========================================================================
Final Register Report

Macro Statistics
# Registers                                            : 29
 Flip-Flops                                            : 29

=========================================================================

=========================================================================
*                           Partition Report                            *
=========================================================================

Partition Implementation Status
-------------------------------

  No Partitions were found in this design.

-------------------------------

=========================================================================
*                            Final Report                               *
=========================================================================
Final Results
RTL Top Level Output File Name     : DownCounter.ngr
Top Level Output File Name         : DownCounter
Output Format                      : NGC
Optimization Goal                  : Speed
Keep Hierarchy                     : No

Design Statistics
# IOs                              : 12

Cell Usage :
# BELS                             : 98
#      GND                         : 1
#      INV                         : 4
#      LUT1                        : 24
#      LUT2                        : 5
#      LUT3                        : 1
#      LUT4                        : 6
#      MUXCY                       : 31
#      VCC                         : 1
#      XORCY                       : 25
# FlipFlops/Latches                : 31
#      FD                          : 3
#      FDE                         : 1
#      FDR                         : 25
#      LD                          : 2
# Clock Buffers                    : 1
#      BUFGP                       : 1
# IO Buffers                       : 11
#      OBUF                        : 11
=========================================================================

Device utilization summary:
---------------------------

Selected Device : 3s100ecp132-4 

 Number of Slices:                       21  out of    960     2%  
 Number of Slice Flip Flops:             31  out of   1920     1%  
 Number of 4 input LUTs:                 40  out of   1920     2%  
 Number of IOs:                          12
 Number of bonded IOBs:                  12  out of     83    14%  
 Number of GCLKs:                         1  out of     24     4%  

---------------------------
Partition Resource Summary:
---------------------------

  No Partitions were found in this design.

---------------------------


=========================================================================
TIMING REPORT

NOTE: THESE TIMING NUMBERS ARE ONLY A SYNTHESIS ESTIMATE.
      FOR ACCURATE TIMING INFORMATION PLEASE REFER TO THE TRACE REPORT
      GENERATED AFTER PLACE-and-ROUTE.

Clock Information:
------------------
-----------------------------------+------------------------+-------+
Clock Signal                       | Clock buffer(FF name)  | Load  |
-----------------------------------+------------------------+-------+
DUT/ClkOut                         | NONE(State_0)          | 4     |
clk                                | BUFGP                  | 27    |
-----------------------------------+------------------------+-------+
INFO:Xst:2169 - HDL ADVISOR - Some clock signals were not automatically buffered by XST with BUFG/BUFR resources. Please use the buffer_type constraint in order to insert these buffers to the clock signals to help prevent skew problems.

Asynchronous Control Signals Information:
----------------------------------------
No asynchronous control signals found in this design

Timing Summary:
---------------
Speed Grade: -4

   Minimum period: 5.300ns (Maximum Frequency: 188.692MHz)
   Minimum input arrival time before clock: No path found
   Maximum output required time after clock: 5.858ns
   Maximum combinational path delay: No path found

Timing Detail:
--------------
All values displayed in nanoseconds (ns)

=========================================================================
Timing constraint: Default period analysis for Clock 'DUT/ClkOut'
  Clock period: 4.702ns (frequency: 212.675MHz)
  Total number of paths / destination ports: 5 / 4
-------------------------------------------------------------------------
Delay:               2.351ns (Levels of Logic = 1)
  Source:            State_0 (FF)
  Destination:       StateNext_0 (LATCH)
  Source Clock:      DUT/ClkOut rising
  Destination Clock: DUT/ClkOut falling

  Data Path: State_0 to StateNext_0
                                Gate     Net
    Cell:in->out      fanout   Delay   Delay  Logical Name (Net Name)
    ----------------------------------------  ------------
     FD:C->Q               6   0.591   0.748  State_0 (State_0)
     LUT2:I1->O            1   0.704   0.000  StateNext_mux0000<0>1 (StateNext_mux0000<0>)
     LD:D                      0.308          StateNext_0
    ----------------------------------------
    Total                      2.351ns (1.603ns logic, 0.748ns route)
                                       (68.2% logic, 31.8% route)

=========================================================================
Timing constraint: Default period analysis for Clock 'clk'
  Clock period: 5.300ns (frequency: 188.692MHz)
  Total number of paths / destination ports: 1002 / 53
-------------------------------------------------------------------------
Delay:               5.300ns (Levels of Logic = 8)
  Source:            DUT/DivCnt_9 (FF)
  Destination:       DUT/ClkOut (FF)
  Source Clock:      clk rising
  Destination Clock: clk rising

  Data Path: DUT/DivCnt_9 to DUT/ClkOut
                                Gate     Net
    Cell:in->out      fanout   Delay   Delay  Logical Name (Net Name)
    ----------------------------------------  ------------
     FDR:C->Q              2   0.591   0.622  DUT/DivCnt_9 (DUT/DivCnt_9)
     LUT4:I0->O            1   0.704   0.000  DUT/ClkInt_cmp_eq0000_wg_lut<1> (DUT/ClkInt_cmp_eq0000_wg_lut<1>)
     MUXCY:S->O            1   0.464   0.000  DUT/ClkInt_cmp_eq0000_wg_cy<1> (DUT/ClkInt_cmp_eq0000_wg_cy<1>)
     MUXCY:CI->O           1   0.059   0.000  DUT/ClkInt_cmp_eq0000_wg_cy<2> (DUT/ClkInt_cmp_eq0000_wg_cy<2>)
     MUXCY:CI->O           1   0.059   0.000  DUT/ClkInt_cmp_eq0000_wg_cy<3> (DUT/ClkInt_cmp_eq0000_wg_cy<3>)
     MUXCY:CI->O           1   0.059   0.000  DUT/ClkInt_cmp_eq0000_wg_cy<4> (DUT/ClkInt_cmp_eq0000_wg_cy<4>)
     MUXCY:CI->O           1   0.059   0.000  DUT/ClkInt_cmp_eq0000_wg_cy<5> (DUT/ClkInt_cmp_eq0000_wg_cy<5>)
     MUXCY:CI->O          27   0.331   1.340  DUT/ClkInt_cmp_eq0000_wg_cy<6> (DUT/ClkInt_cmp_eq0000)
     LUT2:I1->O            1   0.704   0.000  DUT/ClkOut_mux00001 (DUT/ClkOut_mux0000)
     FD:D                      0.308          DUT/ClkOut
    ----------------------------------------
    Total                      5.300ns (3.338ns logic, 1.962ns route)
                                       (63.0% logic, 37.0% route)

=========================================================================
Timing constraint: Default OFFSET OUT AFTER for Clock 'DUT/ClkOut'
  Total number of paths / destination ports: 10 / 6
-------------------------------------------------------------------------
Offset:              5.858ns (Levels of Logic = 2)
  Source:            State_0 (FF)
  Destination:       a (PAD)
  Source Clock:      DUT/ClkOut rising

  Data Path: State_0 to a
                                Gate     Net
    Cell:in->out      fanout   Delay   Delay  Logical Name (Net Name)
    ----------------------------------------  ------------
     FD:C->Q               6   0.591   0.844  State_0 (State_0)
     LUT2:I0->O            2   0.704   0.447  a_cmp_eq00021 (d_OBUF)
     OBUF:I->O                 3.272          a_OBUF (a)
    ----------------------------------------
    Total                      5.858ns (4.567ns logic, 1.291ns route)
                                       (78.0% logic, 22.0% route)

=========================================================================


Total REAL time to Xst completion: 9.00 secs
Total CPU time to Xst completion: 8.93 secs
 
--> 

Total memory usage is 285516 kilobytes

Number of errors   :    0 (   0 filtered)
Number of warnings :    1 (   0 filtered)
Number of infos    :    2 (   0 filtered)

