Running: C:\Xilinx\14.2\ISE_DS\ISE\bin\nt64\unwrapped\fuse.exe -intstyle ise -incremental -lib unisims_ver -lib unimacro_ver -lib xilinxcorelib_ver -o C:/Users/A02042652/Desktop/lab 6/MovingSegDisp/movsevsegtest_isim_beh.exe -prj C:/Users/A02042652/Desktop/lab 6/MovingSegDisp/movsevsegtest_beh.prj work.movsevsegtest work.glbl 
ISim P.28xd (signature 0xa0883be4)
Number of CPUs detected in this system: 4
Turning on mult-threading, number of parallel sub-compilation jobs: 8 
Determining compilation order of HDL files
Analyzing Verilog file "C:/Users/A02042652/Desktop/lab 6/MovingSegDisp/clockdivider.v" into library work
Analyzing Verilog file "C:/Users/A02042652/Desktop/lab 6/MovingSegDisp/../../Lab 4/sevenSeg/seg7.v" into library work
Analyzing Verilog file "C:/Users/A02042652/Desktop/lab 6/MovingSegDisp/movsevseg.v" into library work
Analyzing Verilog file "C:/Users/A02042652/Desktop/lab 6/MovingSegDisp/movsevsegtest.v" into library work
Analyzing Verilog file "C:/Xilinx/14.2/ISE_DS/ISE//verilog/src/glbl.v" into library work
Starting static elaboration
Completed static elaboration
Compiling module clockdivider
Compiling module seg7
Compiling module movsevseg
Compiling module movsevsegtest
Compiling module glbl
Time Resolution for simulation is 1ps.
Waiting for 1 sub-compilation(s) to finish...
Compiled 5 Verilog Units
Built simulation executable C:/Users/A02042652/Desktop/lab 6/MovingSegDisp/movsevsegtest_isim_beh.exe
Fuse Memory Usage: 30580 KB
Fuse CPU Usage: 702 ms
