Running: C:\Xilinx\14.2\ISE_DS\ISE\bin\nt64\unwrapped\fuse.exe -intstyle ise -incremental -lib unisims_ver -lib unimacro_ver -lib xilinxcorelib_ver -o E:/Digital Circuits/lab 7/counter/counterTest_isim_beh.exe -prj E:/Digital Circuits/lab 7/counter/counterTest_beh.prj work.counterTest work.glbl 
ISim P.28xd (signature 0xa0883be4)
Number of CPUs detected in this system: 2
Turning on mult-threading, number of parallel sub-compilation jobs: 4 
Determining compilation order of HDL files
Analyzing Verilog file "E:/Digital Circuits/lab 7/counter/clockdivider.v" into library work
Analyzing Verilog file "E:/Digital Circuits/lab 7/counter/../../Lab 4/sevenSeg/seg7.v" into library work
Analyzing Verilog file "E:/Digital Circuits/lab 7/counter/counter.v" into library work
Analyzing Verilog file "E:/Digital Circuits/lab 7/counter/counterTest.v" into library work
Analyzing Verilog file "C:/Xilinx/14.2/ISE_DS/ISE//verilog/src/glbl.v" into library work
Starting static elaboration
Completed static elaboration
Compiling module clockdivider
Compiling module seg7
Compiling module counter
Compiling module counterTest
Compiling module glbl
Time Resolution for simulation is 1ps.
Waiting for 1 sub-compilation(s) to finish...
Compiled 5 Verilog Units
Built simulation executable E:/Digital Circuits/lab 7/counter/counterTest_isim_beh.exe
Fuse Memory Usage: 30956 KB
Fuse CPU Usage: 984 ms
