Release 14.2 - xst P.28xd (nt64)
Copyright (c) 1995-2012 Xilinx, Inc.  All rights reserved.
--> Parameter TMPDIR set to xst/projnav.tmp


Total REAL time to Xst completion: 0.00 secs
Total CPU time to Xst completion: 0.22 secs
 
--> Parameter xsthdpdir set to xst


Total REAL time to Xst completion: 0.00 secs
Total CPU time to Xst completion: 0.22 secs
 
--> Reading design: timer.prj

TABLE OF CONTENTS
  1) Synthesis Options Summary
  2) HDL Compilation
  3) Design Hierarchy Analysis
  4) HDL Analysis
  5) HDL Synthesis
     5.1) HDL Synthesis Report
  6) Advanced HDL Synthesis
     6.1) Advanced HDL Synthesis Report
  7) Low Level Synthesis
  8) Partition Report
  9) Final Report
	9.1) Device utilization summary
	9.2) Partition Resource Summary
	9.3) TIMING REPORT


=========================================================================
*                      Synthesis Options Summary                        *
=========================================================================
---- Source Parameters
Input File Name                    : "timer.prj"
Input Format                       : mixed
Ignore Synthesis Constraint File   : NO

---- Target Parameters
Output File Name                   : "timer"
Output Format                      : NGC
Target Device                      : xc3s100e-4-cp132

---- Source Options
Top Module Name                    : timer
Automatic FSM Extraction           : YES
FSM Encoding Algorithm             : Auto
Safe Implementation                : No
FSM Style                          : LUT
RAM Extraction                     : Yes
RAM Style                          : Auto
ROM Extraction                     : Yes
Mux Style                          : Auto
Decoder Extraction                 : YES
Priority Encoder Extraction        : Yes
Shift Register Extraction          : YES
Logical Shifter Extraction         : YES
XOR Collapsing                     : YES
ROM Style                          : Auto
Mux Extraction                     : Yes
Resource Sharing                   : YES
Asynchronous To Synchronous        : NO
Multiplier Style                   : Auto
Automatic Register Balancing       : No

---- Target Options
Add IO Buffers                     : YES
Global Maximum Fanout              : 100000
Add Generic Clock Buffer(BUFG)     : 24
Register Duplication               : YES
Slice Packing                      : YES
Optimize Instantiated Primitives   : NO
Use Clock Enable                   : Yes
Use Synchronous Set                : Yes
Use Synchronous Reset              : Yes
Pack IO Registers into IOBs        : Auto
Equivalent register Removal        : YES

---- General Options
Optimization Goal                  : Speed
Optimization Effort                : 1
Keep Hierarchy                     : No
Netlist Hierarchy                  : As_Optimized
RTL Output                         : Yes
Global Optimization                : AllClockNets
Read Cores                         : YES
Write Timing Constraints           : NO
Cross Clock Analysis               : NO
Hierarchy Separator                : /
Bus Delimiter                      : <>
Case Specifier                     : Maintain
Slice Utilization Ratio            : 100
BRAM Utilization Ratio             : 100
Verilog 2001                       : YES
Auto BRAM Packing                  : NO
Slice Utilization Ratio Delta      : 5

=========================================================================


=========================================================================
*                          HDL Compilation                              *
=========================================================================
Compiling verilog file "seg7.v" in library work
Compiling verilog file "clockdivider.v" in library work
Module <seg7> compiled
Compiling verilog file "timer.v" in library work
Module <clockdivider> compiled
Module <timer> compiled
No errors in compilation
Analysis of file <"timer.prj"> succeeded.
 

=========================================================================
*                     Design Hierarchy Analysis                         *
=========================================================================
Analyzing hierarchy for module <timer> in library <work>.

Analyzing hierarchy for module <clockdivider> in library <work> with parameters.
	DivVal = "00000001011111010111100001000000"

Analyzing hierarchy for module <seg7> in library <work>.


=========================================================================
*                            HDL Analysis                               *
=========================================================================
Analyzing top module <timer>.
Module <timer> is correct for synthesis.
 
Analyzing module <clockdivider> in library <work>.
	DivVal = 32'sb00000001011111010111100001000000
Module <clockdivider> is correct for synthesis.
 
Analyzing module <seg7> in library <work>.
Module <seg7> is correct for synthesis.
 

=========================================================================
*                           HDL Synthesis                               *
=========================================================================

Performing bidirectional port resolution...

Synthesizing Unit <clockdivider>.
    Related source file is "clockdivider.v".
    Found 1-bit register for signal <ClkOut>.
    Found 1-bit register for signal <ClkInt>.
    Found 25-bit up counter for signal <DivCnt>.
    Summary:
	inferred   1 Counter(s).
	inferred   2 D-type flip-flop(s).
Unit <clockdivider> synthesized.


Synthesizing Unit <seg7>.
    Related source file is "seg7.v".
Unit <seg7> synthesized.


Synthesizing Unit <timer>.
    Related source file is "timer.v".
    Found 4-bit down counter for signal <Q>.
    Found 1-bit register for signal <tc>.
    Summary:
	inferred   1 Counter(s).
	inferred   1 D-type flip-flop(s).
Unit <timer> synthesized.


=========================================================================
HDL Synthesis Report

Macro Statistics
# Counters                                             : 2
 25-bit up counter                                     : 1
 4-bit down counter                                    : 1
# Registers                                            : 3
 1-bit register                                        : 3

=========================================================================

=========================================================================
*                       Advanced HDL Synthesis                          *
=========================================================================


=========================================================================
Advanced HDL Synthesis Report

Macro Statistics
# Counters                                             : 2
 25-bit up counter                                     : 1
 4-bit down counter                                    : 1
# Registers                                            : 3
 Flip-Flops                                            : 3

=========================================================================

=========================================================================
*                         Low Level Synthesis                           *
=========================================================================

Optimizing unit <timer> ...

Mapping all equations...
Building and optimizing final netlist ...
Found area constraint ratio of 100 (+ 5) on block timer, actual ratio is 2.

Final Macro Processing ...

=========================================================================
Final Register Report

Macro Statistics
# Registers                                            : 32
 Flip-Flops                                            : 32

=========================================================================

=========================================================================
*                           Partition Report                            *
=========================================================================

Partition Implementation Status
-------------------------------

  No Partitions were found in this design.

-------------------------------

=========================================================================
*                            Final Report                               *
=========================================================================
Final Results
RTL Top Level Output File Name     : timer.ngr
Top Level Output File Name         : timer
Output Format                      : NGC
Optimization Goal                  : Speed
Keep Hierarchy                     : No

Design Statistics
# IOs                              : 17

Cell Usage :
# BELS                             : 105
#      GND                         : 1
#      INV                         : 4
#      LUT1                        : 24
#      LUT2                        : 2
#      LUT3                        : 1
#      LUT4                        : 16
#      MUXCY                       : 31
#      VCC                         : 1
#      XORCY                       : 25
# FlipFlops/Latches                : 32
#      FD                          : 1
#      FDE                         : 1
#      FDR                         : 28
#      FDS                         : 2
# Clock Buffers                    : 1
#      BUFGP                       : 1
# IO Buffers                       : 16
#      OBUF                        : 16
=========================================================================

Device utilization summary:
---------------------------

Selected Device : 3s100ecp132-4 

 Number of Slices:                       25  out of    960     2%  
 Number of Slice Flip Flops:             32  out of   1920     1%  
 Number of 4 input LUTs:                 47  out of   1920     2%  
 Number of IOs:                          17
 Number of bonded IOBs:                  17  out of     83    20%  
 Number of GCLKs:                         1  out of     24     4%  

---------------------------
Partition Resource Summary:
---------------------------

  No Partitions were found in this design.

---------------------------


=========================================================================
TIMING REPORT

NOTE: THESE TIMING NUMBERS ARE ONLY A SYNTHESIS ESTIMATE.
      FOR ACCURATE TIMING INFORMATION PLEASE REFER TO THE TRACE REPORT
      GENERATED AFTER PLACE-and-ROUTE.

Clock Information:
------------------
-----------------------------------+------------------------+-------+
Clock Signal                       | Clock buffer(FF name)  | Load  |
-----------------------------------+------------------------+-------+
C1/ClkOut                          | NONE(tc)               | 5     |
Clk                                | BUFGP                  | 27    |
-----------------------------------+------------------------+-------+
INFO:Xst:2169 - HDL ADVISOR - Some clock signals were not automatically buffered by XST with BUFG/BUFR resources. Please use the buffer_type constraint in order to insert these buffers to the clock signals to help prevent skew problems.

Asynchronous Control Signals Information:
----------------------------------------
No asynchronous control signals found in this design

Timing Summary:
---------------
Speed Grade: -4

   Minimum period: 5.300ns (Maximum Frequency: 188.692MHz)
   Minimum input arrival time before clock: No path found
   Maximum output required time after clock: 6.145ns
   Maximum combinational path delay: No path found

Timing Detail:
--------------
All values displayed in nanoseconds (ns)

=========================================================================
Timing constraint: Default period analysis for Clock 'C1/ClkOut'
  Clock period: 3.901ns (frequency: 256.345MHz)
  Total number of paths / destination ports: 30 / 9
-------------------------------------------------------------------------
Delay:               3.901ns (Levels of Logic = 1)
  Source:            Q_3 (FF)
  Destination:       Q_0 (FF)
  Source Clock:      C1/ClkOut rising
  Destination Clock: C1/ClkOut rising

  Data Path: Q_3 to Q_0
                                Gate     Net
    Cell:in->out      fanout   Delay   Delay  Logical Name (Net Name)
    ----------------------------------------  ------------
     FDR:C->Q             11   0.591   1.108  Q_3 (Q_3)
     LUT4:I0->O            4   0.704   0.587  disp/a_and00001 (disp/a_and0000)
     FDS:S                     0.911          Q_0
    ----------------------------------------
    Total                      3.901ns (2.206ns logic, 1.695ns route)
                                       (56.5% logic, 43.5% route)

=========================================================================
Timing constraint: Default period analysis for Clock 'Clk'
  Clock period: 5.300ns (frequency: 188.692MHz)
  Total number of paths / destination ports: 1002 / 53
-------------------------------------------------------------------------
Delay:               5.300ns (Levels of Logic = 8)
  Source:            C1/DivCnt_9 (FF)
  Destination:       C1/ClkOut (FF)
  Source Clock:      Clk rising
  Destination Clock: Clk rising

  Data Path: C1/DivCnt_9 to C1/ClkOut
                                Gate     Net
    Cell:in->out      fanout   Delay   Delay  Logical Name (Net Name)
    ----------------------------------------  ------------
     FDR:C->Q              2   0.591   0.622  C1/DivCnt_9 (C1/DivCnt_9)
     LUT4:I0->O            1   0.704   0.000  C1/ClkInt_cmp_eq0000_wg_lut<1> (C1/ClkInt_cmp_eq0000_wg_lut<1>)
     MUXCY:S->O            1   0.464   0.000  C1/ClkInt_cmp_eq0000_wg_cy<1> (C1/ClkInt_cmp_eq0000_wg_cy<1>)
     MUXCY:CI->O           1   0.059   0.000  C1/ClkInt_cmp_eq0000_wg_cy<2> (C1/ClkInt_cmp_eq0000_wg_cy<2>)
     MUXCY:CI->O           1   0.059   0.000  C1/ClkInt_cmp_eq0000_wg_cy<3> (C1/ClkInt_cmp_eq0000_wg_cy<3>)
     MUXCY:CI->O           1   0.059   0.000  C1/ClkInt_cmp_eq0000_wg_cy<4> (C1/ClkInt_cmp_eq0000_wg_cy<4>)
     MUXCY:CI->O           1   0.059   0.000  C1/ClkInt_cmp_eq0000_wg_cy<5> (C1/ClkInt_cmp_eq0000_wg_cy<5>)
     MUXCY:CI->O          27   0.331   1.340  C1/ClkInt_cmp_eq0000_wg_cy<6> (C1/ClkInt_cmp_eq0000)
     LUT2:I1->O            1   0.704   0.000  C1/ClkOut_mux00001 (C1/ClkOut_mux0000)
     FD:D                      0.308          C1/ClkOut
    ----------------------------------------
    Total                      5.300ns (3.338ns logic, 1.962ns route)
                                       (63.0% logic, 37.0% route)

=========================================================================
Timing constraint: Default OFFSET OUT AFTER for Clock 'C1/ClkOut'
  Total number of paths / destination ports: 33 / 12
-------------------------------------------------------------------------
Offset:              6.145ns (Levels of Logic = 2)
  Source:            Q_1 (FF)
  Destination:       a (PAD)
  Source Clock:      C1/ClkOut rising

  Data Path: Q_1 to a
                                Gate     Net
    Cell:in->out      fanout   Delay   Delay  Logical Name (Net Name)
    ----------------------------------------  ------------
     FDS:C->Q             13   0.591   1.158  Q_1 (Q_1)
     LUT4:I0->O            1   0.704   0.420  disp/c1 (c_OBUF)
     OBUF:I->O                 3.272          c_OBUF (c)
    ----------------------------------------
    Total                      6.145ns (4.567ns logic, 1.578ns route)
                                       (74.3% logic, 25.7% route)

=========================================================================


Total REAL time to Xst completion: 9.00 secs
Total CPU time to Xst completion: 9.63 secs
 
--> 

Total memory usage is 285516 kilobytes

Number of errors   :    0 (   0 filtered)
Number of warnings :    0 (   0 filtered)
Number of infos    :    1 (   0 filtered)

