--------------------------------------------------------------------------------
Release 14.2 Trace  (nt64)
Copyright (c) 1995-2012 Xilinx, Inc.  All rights reserved.

C:\Xilinx\14.2\ISE_DS\ISE\bin\nt64\unwrapped\trce.exe -intstyle ise -v 3 -s 4
-n 3 -fastpaths -xml SevenSeg.twx SevenSeg.ncd -o SevenSeg.twr SevenSeg.pcf
-ucf seg7.ucf

Design file:              SevenSeg.ncd
Physical constraint file: SevenSeg.pcf
Device,package,speed:     xc3s100e,cp132,-4 (PRODUCTION 1.27 2012-07-09)
Report level:             verbose report

Environment Variable      Effect 
--------------------      ------ 
NONE                      No environment variables were set
--------------------------------------------------------------------------------

INFO:Timing:2698 - No timing constraints found, doing default enumeration.
INFO:Timing:3412 - To improve timing, see the Timing Closure User Guide (UG612).
INFO:Timing:2752 - To get complete path coverage, use the unconstrained paths 
   option. All paths that are not constrained will be reported in the 
   unconstrained paths section(s) of the report.
INFO:Timing:3339 - The clock-to-out numbers in this timing report are based on 
   a 50 Ohm transmission line loading model.  For the details of this model, 
   and for more information on accounting for different loading conditions, 
   please see the device datasheet.
INFO:Timing:3390 - This architecture does not support a default System Jitter 
   value, please add SYSTEM_JITTER constraint to the UCF to modify the Clock 
   Uncertainty calculation.
INFO:Timing:3389 - This architecture does not support 'Discrete Jitter' and 
   'Phase Error' calculations, these terms will be zero in the Clock 
   Uncertainty calculation.  Please make appropriate modification to 
   SYSTEM_JITTER to account for the unsupported Discrete Jitter and Phase 
   Error.



Data Sheet report:
-----------------
All values displayed in nanoseconds (ns)

Pad to Pad
---------------+---------------+---------+
Source Pad     |Destination Pad|  Delay  |
---------------+---------------+---------+
w              |a              |    7.769|
w              |b              |    8.779|
w              |c              |    8.874|
w              |d              |    8.324|
w              |e              |    8.610|
w              |f              |    9.082|
w              |g              |    8.671|
x              |a              |    7.926|
x              |b              |    7.937|
x              |c              |    8.603|
x              |d              |    7.874|
x              |e              |    8.339|
x              |f              |    8.175|
x              |g              |    8.395|
y              |a              |    7.770|
y              |b              |    8.196|
y              |c              |    8.240|
y              |d              |    7.680|
y              |e              |    7.976|
y              |f              |    8.494|
y              |g              |    7.972|
z              |a              |    7.379|
z              |b              |    7.753|
z              |c              |    8.013|
z              |d              |    7.296|
z              |e              |    7.749|
z              |f              |    8.016|
z              |g              |    7.770|
---------------+---------------+---------+


Analysis completed Tue Mar 01 09:20:06 2016 
--------------------------------------------------------------------------------

Trace Settings:
-------------------------
Trace Settings 

Peak Memory Usage: 152 MB



